# JRE version: OpenJDK Runtime Environment (11.0.12+7) (build 11.0.12+7-b1504.28-7817840)
# Java VM: OpenJDK 64-Bit Server VM (11.0.12+7-b1504.28-7817840, mixed mode, tiered, compressed oops, g1 gc, windows-amd64)
Heap:
 garbage-first heap   total 458752K, used 230317K [0x0000000080000000, 0x0000000100000000)
  region size 1024K, 59 young (60416K), 1 survivors (1024K)
 Metaspace       used 144707K, capacity 148879K, committed 149084K, reserved 1179648K
  class space    used 17590K, capacity 19150K, committed 19276K, reserved 1048576K
GC Heap History (20 events):
Event: 8233.155 GC heap before
{Heap before GC invocations=157 (full 0):
 garbage-first heap   total 378880K, used 182196K [0x0000000080000000, 0x0000000100000000)
  region size 1024K, 19 young (19456K), 3 survivors (3072K)
 Metaspace       used 144580K, capacity 148708K, committed 148956K, reserved 1179648K
  class space    used 17579K, capacity 19137K, committed 19148K, reserved 1048576K
}
Event: 8233.163 GC heap after
{Heap after GC invocations=158 (full 0):
 garbage-first heap   total 378880K, used 163190K [0x0000000080000000, 0x0000000100000000)
  region size 1024K, 3 young (3072K), 3 survivors (3072K)
 Metaspace       used 144580K, capacity 148708K, committed 148956K, reserved 1179648K
  class space    used 17579K, capacity 19137K, committed 19148K, reserved 1048576K
}
Event: 8233.908 GC heap before
{Heap before GC invocations=158 (full 0):
 garbage-first heap   total 378880K, used 308598K [0x0000000080000000, 0x0000000100000000)
  region size 1024K, 145 young (148480K), 3 survivors (3072K)
 Metaspace       used 144613K, capacity 148723K, committed 148956K, reserved 1179648K
  class space    used 17582K, capacity 19141K, committed 19148K, reserved 1048576K
}
Event: 8233.919 GC heap after
{Heap after GC invocations=159 (full 0):
 garbage-first heap   total 378880K, used 165645K [0x0000000080000000, 0x0000000100000000)
  region size 1024K, 5 young (5120K), 5 survivors (5120K)
 Metaspace       used 144613K, capacity 148723K, committed 148956K, reserved 1179648K
  class space    used 17582K, capacity 19141K, committed 19148K, reserved 1048576K
}
Event: 8234.968 GC heap before
{Heap before GC invocations=160 (full 0):
 garbage-first heap   total 378880K, used 314125K [0x0000000080000000, 0x0000000100000000)
  region size 1024K, 149 young (152576K), 5 survivors (5120K)
 Metaspace       used 144680K, capacity 148867K, committed 148956K, reserved 1179648K
  class space    used 17588K, capacity 19146K, committed 19148K, reserved 1048576K
}
Event: 8234.990 GC heap after
{Heap after GC invocations=161 (full 0):
 garbage-first heap   total 378880K, used 178992K [0x0000000080000000, 0x0000000100000000)
  region size 1024K, 18 young (18432K), 18 survivors (18432K)
 Metaspace       used 144680K, capacity 148867K, committed 148956K, reserved 1179648K
  class space    used 17588K, capacity 19146K, committed 19148K, reserved 1048576K
}
Event: 8234.992 GC heap before
{Heap before GC invocations=161 (full 0):
 garbage-first heap   total 378880K, used 180016K [0x0000000080000000, 0x0000000100000000)
  region size 1024K, 19 young (19456K), 18 survivors (18432K)
 Metaspace       used 144681K, capacity 148867K, committed 148956K, reserved 1179648K
  class space    used 17588K, capacity 19146K, committed 19148K, reserved 1048576K
}
Event: 8235.014 GC heap after
{Heap after GC invocations=162 (full 0):
 garbage-first heap   total 378880K, used 172550K [0x0000000080000000, 0x0000000100000000)
  region size 1024K, 2 young (2048K), 2 survivors (2048K)
 Metaspace       used 144681K, capacity 148867K, committed 148956K, reserved 1179648K
  class space    used 17588K, capacity 19146K, committed 19148K, reserved 1048576K
}
Event: 8235.316 GC heap before
{Heap before GC invocations=162 (full 0):
 garbage-first heap   total 378880K, used 310790K [0x0000000080000000, 0x0000000100000000)
  region size 1024K, 137 young (140288K), 2 survivors (2048K)
 Metaspace       used 144684K, capacity 148867K, committed 148956K, reserved 1179648K
  class space    used 17588K, capacity 19146K, committed 19148K, reserved 1048576K
}
Event: 8235.327 GC heap after
{Heap after GC invocations=163 (full 0):
 garbage-first heap   total 378880K, used 174945K [0x0000000080000000, 0x0000000100000000)
  region size 1024K, 5 young (5120K), 5 survivors (5120K)
 Metaspace       used 144684K, capacity 148867K, committed 148956K, reserved 1179648K
  class space    used 17588K, capacity 19146K, committed 19148K, reserved 1048576K
}
Event: 8235.922 GC heap before
{Heap before GC invocations=164 (full 0):
 garbage-first heap   total 378880K, used 309089K [0x0000000080000000, 0x0000000100000000)
  region size 1024K, 141 young (144384K), 5 survivors (5120K)
 Metaspace       used 144693K, capacity 148875K, committed 149084K, reserved 1179648K
  class space    used 17590K, capacity 19149K, committed 19276K, reserved 1048576K
}
Event: 8235.930 GC heap after
{Heap after GC invocations=165 (full 0):
 garbage-first heap   total 378880K, used 172122K [0x0000000080000000, 0x0000000100000000)
  region size 1024K, 6 young (6144K), 6 survivors (6144K)
 Metaspace       used 144693K, capacity 148875K, committed 149084K, reserved 1179648K
  class space    used 17590K, capacity 19149K, committed 19276K, reserved 1048576K
}
Event: 8235.954 GC heap before
{Heap before GC invocations=165 (full 0):
 garbage-first heap   total 378880K, used 183386K [0x0000000080000000, 0x0000000100000000)
  region size 1024K, 18 young (18432K), 6 survivors (6144K)
 Metaspace       used 144693K, capacity 148875K, committed 149084K, reserved 1179648K
  class space    used 17590K, capacity 19149K, committed 19276K, reserved 1048576K
}
Event: 8235.962 GC heap after
{Heap after GC invocations=166 (full 0):
 garbage-first heap   total 378880K, used 159696K [0x0000000080000000, 0x0000000100000000)
  region size 1024K, 1 young (1024K), 1 survivors (1024K)
 Metaspace       used 144693K, capacity 148875K, committed 149084K, reserved 1179648K
  class space    used 17590K, capacity 19149K, committed 19276K, reserved 1048576K
}
Event: 8236.284 GC heap before
{Heap before GC invocations=166 (full 0):
 garbage-first heap   total 378880K, used 314320K [0x0000000080000000, 0x0000000100000000)
  region size 1024K, 152 young (155648K), 1 survivors (1024K)
 Metaspace       used 144701K, capacity 148876K, committed 149084K, reserved 1179648K
  class space    used 17590K, capacity 19149K, committed 19276K, reserved 1048576K
}
Event: 8236.338 GC heap after
{Heap after GC invocations=167 (full 0):
 garbage-first heap   total 378880K, used 171283K [0x0000000080000000, 0x0000000100000000)
  region size 1024K, 13 young (13312K), 13 survivors (13312K)
 Metaspace       used 144701K, capacity 148876K, committed 149084K, reserved 1179648K
  class space    used 17590K, capacity 19149K, committed 19276K, reserved 1048576K
}
Event: 8236.813 GC heap before
{Heap before GC invocations=168 (full 0):
 garbage-first heap   total 378880K, used 313619K [0x0000000080000000, 0x0000000100000000)
  region size 1024K, 152 young (155648K), 13 survivors (13312K)
 Metaspace       used 144702K, capacity 148876K, committed 149084K, reserved 1179648K
  class space    used 17590K, capacity 19149K, committed 19276K, reserved 1048576K
}
Event: 8236.831 GC heap after
{Heap after GC invocations=169 (full 0):
 garbage-first heap   total 378880K, used 173426K [0x0000000080000000, 0x0000000100000000)
  region size 1024K, 4 young (4096K), 4 survivors (4096K)
 Metaspace       used 144702K, capacity 148876K, committed 149084K, reserved 1179648K
  class space    used 17590K, capacity 19149K, committed 19276K, reserved 1048576K
}
Event: 8237.180 GC heap before
{Heap before GC invocations=169 (full 0):
 garbage-first heap   total 378880K, used 187762K [0x0000000080000000, 0x0000000100000000)
  region size 1024K, 18 young (18432K), 4 survivors (4096K)
 Metaspace       used 144703K, capacity 148878K, committed 149084K, reserved 1179648K
  class space    used 17590K, capacity 19150K, committed 19276K, reserved 1048576K
}
Event: 8237.196 GC heap after
{Heap after GC invocations=170 (full 0):
 garbage-first heap   total 458752K, used 171949K [0x0000000080000000, 0x0000000100000000)
  region size 1024K, 1 young (1024K), 1 survivors (1024K)
 Metaspace       used 144703K, capacity 148878K, committed 149084K, reserved 1179648K
  class space    used 17590K, capacity 19150K, committed 19276K, reserved 1048576K
}

